[2026-04-18 14:07:58] [INFO] (justsky_log.c:34) 

LOG INIT

[2026-04-18 14:07:59] [INFO] (population.c:36) Generated Judge, ID: 255
[2026-04-18 14:07:59] [INFO] (population.c:88) Generated NATION_TYPE_WOLF Agent, ID: 254 at (209.0 127.0 103.0)
[2026-04-18 14:07:59] [INFO] (population.c:88) Generated NATION_TYPE_LION Agent, ID: 253 at (125.0 54.0 103.0)
[2026-04-18 14:07:59] [INFO] (population.c:88) Generated NATION_TYPE_LION Agent, ID: 252 at (122.0 55.0 103.0)
[2026-04-18 14:07:59] [INFO] (population.c:88) Generated NATION_TYPE_EAGLE Agent, ID: 251 at (57.0 126.0 103.0)
[2026-04-18 14:07:59] [INFO] (population.c:88) Generated NATION_TYPE_BEAR Agent, ID: 250 at (133.0 200.0 101.0)
[2026-04-18 14:07:59] [INFO] (population.c:88) Generated NATION_TYPE_LION Agent, ID: 249 at (125.0 51.0 103.0)
[2026-04-18 14:07:59] [INFO] (population.c:88) Generated NATION_TYPE_WOLF Agent, ID: 248 at (209.0 130.0 103.0)
[2026-04-18 14:07:59] [INFO] (population.c:88) Generated NATION_TYPE_WOLF Agent, ID: 247 at (201.0 125.0 103.0)
[2026-04-18 14:07:59] [INFO] (population.c:88) Generated NATION_TYPE_LION Agent, ID: 246 at (130.0 49.0 103.0)
[2026-04-18 14:07:59] [INFO] (population.c:88) Generated NATION_TYPE_LION Agent, ID: 245 at (124.0 53.0 103.0)
[2026-04-18 14:07:59] [INFO] (population.c:88) Generated NATION_TYPE_WOLF Agent, ID: 244 at (209.0 123.0 103.0)
[2026-04-18 14:07:59] [INFO] (population.c:88) Generated NATION_TYPE_EAGLE Agent, ID: 243 at (54.0 125.0 103.0)
[2026-04-18 14:07:59] [INFO] (population.c:88) Generated NATION_TYPE_EAGLE Agent, ID: 242 at (52.0 122.0 103.0)
[2026-04-18 14:07:59] [INFO] (population.c:88) Generated NATION_TYPE_LION Agent, ID: 241 at (131.0 47.0 103.0)
[2026-04-18 14:07:59] [INFO] (population.c:88) Generated NATION_TYPE_WOLF Agent, ID: 240 at (202.0 132.0 103.0)
[2026-04-18 14:07:59] [INFO] (population.c:88) Generated NATION_TYPE_WOLF Agent, ID: 239 at (201.0 127.0 103.0)
[2026-04-18 14:07:59] [INFO] (population.c:88) Generated NATION_TYPE_BEAR Agent, ID: 238 at (124.0 209.0 101.0)
[2026-04-18 14:07:59] [INFO] (population.c:88) Generated NATION_TYPE_BEAR Agent, ID: 237 at (122.0 204.0 101.0)
[2026-04-18 14:07:59] [INFO] (population.c:88) Generated NATION_TYPE_EAGLE Agent, ID: 236 at (52.0 129.0 103.0)
[2026-04-18 14:07:59] [INFO] (population.c:88) Generated NATION_TYPE_BEAR Agent, ID: 235 at (132.0 199.0 101.0)
[2026-04-18 14:07:59] [INFO] (population.c:88) Generated NATION_TYPE_EAGLE Agent, ID: 234 at (54.0 132.0 103.0)
[2026-04-18 14:07:59] [INFO] (population.c:88) Generated NATION_TYPE_WOLF Agent, ID: 233 at (203.0 130.0 103.0)
[2026-04-18 14:07:59] [INFO] (population.c:88) Generated NATION_TYPE_WOLF Agent, ID: 232 at (201.0 132.0 103.0)
[2026-04-18 14:07:59] [INFO] (population.c:88) Generated NATION_TYPE_EAGLE Agent, ID: 231 at (50.0 123.0 103.0)
[2026-04-18 14:07:59] [INFO] (population.c:88) Generated NATION_TYPE_WOLF Agent, ID: 230 at (204.0 124.0 103.0)
[2026-04-18 14:07:59] [INFO] (population.c:88) Generated NATION_TYPE_LION Agent, ID: 229 at (129.0 55.0 103.0)
[2026-04-18 14:07:59] [INFO] (population.c:88) Generated NATION_TYPE_LION Agent, ID: 228 at (127.0 51.0 103.0)
[2026-04-18 14:07:59] [INFO] (population.c:88) Generated NATION_TYPE_BEAR Agent, ID: 227 at (128.0 209.0 101.0)
[2026-04-18 14:07:59] [INFO] (population.c:88) Generated NATION_TYPE_EAGLE Agent, ID: 226 at (57.0 131.0 103.0)
[2026-04-18 14:07:59] [INFO] (population.c:88) Generated NATION_TYPE_EAGLE Agent, ID: 225 at (56.0 127.0 103.0)
[2026-04-18 14:07:59] [INFO] (population.c:88) Generated NATION_TYPE_EAGLE Agent, ID: 224 at (54.0 128.0 103.0)
[2026-04-18 14:07:59] [INFO] (population.c:88) Generated NATION_TYPE_LION Agent, ID: 223 at (128.0 57.0 103.0)
[2026-04-18 14:07:59] [INFO] (population.c:88) Generated NATION_TYPE_BEAR Agent, ID: 222 at (127.0 206.0 101.0)
[2026-04-18 14:07:59] [INFO] (population.c:88) Generated NATION_TYPE_WOLF Agent, ID: 221 at (202.0 125.0 103.0)
[2026-04-18 14:07:59] [INFO] (population.c:88) Generated NATION_TYPE_WOLF Agent, ID: 220 at (200.0 122.0 103.0)
[2026-04-18 14:07:59] [INFO] (population.c:88) Generated NATION_TYPE_BEAR Agent, ID: 219 at (122.0 205.0 101.0)
[2026-04-18 14:07:59] [INFO] (population.c:88) Generated NATION_TYPE_LION Agent, ID: 218 at (133.0 55.0 103.0)
[2026-04-18 14:07:59] [INFO] (population.c:88) Generated NATION_TYPE_LION Agent, ID: 217 at (132.0 50.0 103.0)
[2026-04-18 14:07:59] [INFO] (population.c:88) Generated NATION_TYPE_EAGLE Agent, ID: 216 at (56.0 129.0 103.0)
[2026-04-18 14:07:59] [INFO] (population.c:88) Generated NATION_TYPE_EAGLE Agent, ID: 215 at (48.0 129.0 103.0)
[2026-04-18 14:07:59] [INFO] (population.c:88) Generated NATION_TYPE_EAGLE Agent, ID: 214 at (50.0 126.0 103.0)
[2026-04-18 14:07:59] [INFO] (population.c:88) Generated NATION_TYPE_BEAR Agent, ID: 213 at (133.0 200.0 101.0)
[2026-04-18 14:07:59] [INFO] (population.c:88) Generated NATION_TYPE_BEAR Agent, ID: 212 at (124.0 201.0 101.0)
[2026-04-18 14:07:59] [INFO] (population.c:88) Generated NATION_TYPE_EAGLE Agent, ID: 211 at (53.0 130.0 103.0)
[2026-04-18 14:07:59] [INFO] (population.c:88) Generated NATION_TYPE_EAGLE Agent, ID: 210 at (49.0 125.0 103.0)
[2026-04-18 14:07:59] [INFO] (population.c:88) Generated NATION_TYPE_EAGLE Agent, ID: 209 at (46.0 127.0 103.0)
[2026-04-18 14:07:59] [INFO] (population.c:88) Generated NATION_TYPE_LION Agent, ID: 208 at (131.0 52.0 103.0)
[2026-04-18 14:07:59] [INFO] (population.c:88) Generated NATION_TYPE_WOLF Agent, ID: 207 at (203.0 128.0 103.0)
[2026-04-18 14:07:59] [INFO] (render.c:175) Loaded texture: assets/textures/block/CardinalEast.png
[2026-04-18 14:07:59] [INFO] (render.c:175) Loaded texture: assets/textures/block/CardinalWest.png
[2026-04-18 14:07:59] [INFO] (render.c:175) Loaded texture: assets/textures/block/CardinalNorth.png
[2026-04-18 14:07:59] [INFO] (render.c:175) Loaded texture: assets/textures/block/CardinalSouth.png
[2026-04-18 14:07:59] [INFO] (render.c:175) Loaded texture: assets/textures/block/WolfFlag.png
[2026-04-18 14:07:59] [INFO] (render.c:175) Loaded texture: assets/textures/block/EagleFlag.png
[2026-04-18 14:07:59] [INFO] (render.c:175) Loaded texture: assets/textures/block/BearFlag.png
[2026-04-18 14:07:59] [INFO] (render.c:175) Loaded texture: assets/textures/block/LionFlag.png
[2026-04-18 14:07:59] [INFO] (render.c:175) Loaded texture: assets/textures/block/WolfStone.png
[2026-04-18 14:07:59] [INFO] (render.c:175) Loaded texture: assets/textures/block/EagleStone.png
[2026-04-18 14:07:59] [INFO] (render.c:175) Loaded texture: assets/textures/block/BearStone.png
[2026-04-18 14:07:59] [INFO] (render.c:175) Loaded texture: assets/textures/block/LionStone.png
[2026-04-18 14:07:59] [INFO] (render.c:175) Loaded texture: assets/textures/block/WolfSymbol.png
[2026-04-18 14:07:59] [INFO] (render.c:175) Loaded texture: assets/textures/block/EagleSymbol.png
[2026-04-18 14:07:59] [INFO] (render.c:175) Loaded texture: assets/textures/block/BearSymbol.png
[2026-04-18 14:07:59] [INFO] (render.c:175) Loaded texture: assets/textures/block/LionSymbol.png
[2026-04-18 14:07:59] [INFO] (render.c:175) Loaded texture: assets/textures/block/Carved1.png
[2026-04-18 14:07:59] [INFO] (render.c:175) Loaded texture: assets/textures/block/Carved2.png
[2026-04-18 14:07:59] [INFO] (render.c:175) Loaded texture: assets/textures/block/Carved3.png
[2026-04-18 14:07:59] [INFO] (render.c:175) Loaded texture: assets/textures/block/Carved4.png
[2026-04-18 14:07:59] [INFO] (render.c:175) Loaded texture: assets/textures/block/Caution1.png
[2026-04-18 14:07:59] [INFO] (render.c:175) Loaded texture: assets/textures/block/Caution2.png
[2026-04-18 14:07:59] [INFO] (render.c:175) Loaded texture: assets/textures/block/Caution3.png
[2026-04-18 14:07:59] [INFO] (render.c:175) Loaded texture: assets/textures/block/Caution4.png
[2026-04-18 14:07:59] [INFO] (render.c:175) Loaded texture: assets/textures/block/Engraved1.png
[2026-04-18 14:07:59] [INFO] (render.c:175) Loaded texture: assets/textures/block/Engraved2.png
[2026-04-18 14:07:59] [INFO] (render.c:175) Loaded texture: assets/textures/block/Engraved3.png
[2026-04-18 14:07:59] [INFO] (render.c:175) Loaded texture: assets/textures/block/Engraved4.png
[2026-04-18 14:07:59] [INFO] (render.c:175) Loaded texture: assets/textures/block/Metal1.png
[2026-04-18 14:07:59] [INFO] (render.c:175) Loaded texture: assets/textures/block/Metal2.png
[2026-04-18 14:07:59] [INFO] (render.c:175) Loaded texture: assets/textures/block/Metal3.png
[2026-04-18 14:07:59] [INFO] (render.c:175) Loaded texture: assets/textures/block/Metal4.png
[2026-04-18 14:07:59] [INFO] (render.c:175) Loaded texture: assets/textures/block/Metal5.png
[2026-04-18 14:07:59] [INFO] (render.c:175) Loaded texture: assets/textures/block/Ornate1.png
[2026-04-18 14:07:59] [INFO] (render.c:175) Loaded texture: assets/textures/block/Ornate2.png
[2026-04-18 14:07:59] [INFO] (render.c:175) Loaded texture: assets/textures/block/Ornate3.png
[2026-04-18 14:07:59] [INFO] (render.c:175) Loaded texture: assets/textures/block/Ornate4.png
[2026-04-18 14:07:59] [INFO] (render.c:175) Loaded texture: assets/textures/block/Panel1.png
[2026-04-18 14:07:59] [INFO] (render.c:175) Loaded texture: assets/textures/block/Panel2.png
[2026-04-18 14:07:59] [INFO] (render.c:175) Loaded texture: assets/textures/block/Panel3.png
[2026-04-18 14:07:59] [INFO] (render.c:175) Loaded texture: assets/textures/block/Panel4.png
[2026-04-18 14:07:59] [INFO] (render.c:175) Loaded texture: assets/textures/block/Server1.png
[2026-04-18 14:07:59] [INFO] (render.c:175) Loaded texture: assets/textures/block/Server2.png
[2026-04-18 14:07:59] [INFO] (render.c:175) Loaded texture: assets/textures/block/Server3.png
[2026-04-18 14:07:59] [INFO] (render.c:175) Loaded texture: assets/textures/block/Server4.png
[2026-04-18 14:07:59] [INFO] (render.c:175) Loaded texture: assets/textures/block/Server5.png
[2026-04-18 14:07:59] [INFO] (render.c:175) Loaded texture: assets/textures/block/Server6.png
[2026-04-18 14:07:59] [INFO] (render.c:175) Loaded texture: assets/textures/block/Server7.png
[2026-04-18 14:07:59] [INFO] (render.c:175) Loaded texture: assets/textures/block/Smooth1.png
[2026-04-18 14:07:59] [INFO] (render.c:175) Loaded texture: assets/textures/block/Smooth2.png
[2026-04-18 14:07:59] [INFO] (render.c:175) Loaded texture: assets/textures/block/Smooth3.png
[2026-04-18 14:08:00] [INFO] (render.c:175) Loaded texture: assets/textures/block/Smooth4.png
[2026-04-18 14:08:00] [INFO] (render.c:175) Loaded texture: assets/textures/block/Vent1.png
[2026-04-18 14:08:00] [INFO] (render.c:175) Loaded texture: assets/textures/block/Vent2.png
[2026-04-18 14:08:00] [INFO] (render.c:175) Loaded texture: assets/textures/block/Vent3.png
[2026-04-18 14:08:00] [INFO] (render.c:175) Loaded texture: assets/textures/block/Vent4.png
[2026-04-18 14:08:00] [INFO] (render.c:175) Loaded texture: assets/textures/model/agent_wolf.png
[2026-04-18 14:08:00] [INFO] (render.c:175) Loaded texture: assets/textures/model/agent_eagle.png
[2026-04-18 14:08:00] [INFO] (render.c:175) Loaded texture: assets/textures/model/agent_bear.png
[2026-04-18 14:08:00] [INFO] (render.c:175) Loaded texture: assets/textures/model/agent_lion.png
[2026-04-18 14:08:34] [INFO] (justsky_log.c:141) 

LOG CLOSE

